# JRE version: Java(TM) SE Runtime Environment (8.0_111-b14) (build 1.8.0_111-b14)
# Java VM: Java HotSpot(TM) 64-Bit Server VM (25.111-b14 mixed mode windows-amd64 compressed oops)
Heap:
 PSYoungGen      total 33280K, used 24395K [0x00000000d5f00000, 0x00000000d8100000, 0x0000000100000000)
  eden space 31744K, 74% used [0x00000000d5f00000,0x00000000d75f2f40,0x00000000d7e00000)
  from space 1536K, 58% used [0x00000000d7f80000,0x00000000d8060000,0x00000000d8100000)
  to   space 1536K, 0% used [0x00000000d7e00000,0x00000000d7e00000,0x00000000d7f80000)
 ParOldGen       total 86016K, used 24560K [0x0000000081c00000, 0x0000000087000000, 0x00000000d5f00000)
  object space 86016K, 28% used [0x0000000081c00000,0x00000000833fc2d8,0x0000000087000000)
 Metaspace       used 42445K, capacity 46038K, committed 46296K, reserved 1089536K
  class space    used 5264K, capacity 6047K, committed 6144K, reserved 1048576K
GC Heap History (10 events):
Event: 3812.514 GC heap before
{Heap before GC invocations=336 (full 12):
 PSYoungGen      total 33280K, used 32416K [0x00000000d5f00000, 0x00000000d8100000, 0x0000000100000000)
  eden space 31744K, 100% used [0x00000000d5f00000,0x00000000d7e00000,0x00000000d7e00000)
  from space 1536K, 43% used [0x00000000d7e00000,0x00000000d7ea8000,0x00000000d7f80000)
  to   space 1536K, 0% used [0x00000000d7f80000,0x00000000d7f80000,0x00000000d8100000)
 ParOldGen       total 86016K, used 24560K [0x0000000081c00000, 0x0000000087000000, 0x00000000d5f00000)
  object space 86016K, 28% used [0x0000000081c00000,0x00000000833fc2d8,0x0000000087000000)
 Metaspace       used 42445K, capacity 46038K, committed 46296K, reserved 1089536K
  class space    used 5264K, capacity 6047K, committed 6144K, reserved 1048576K
Event: 3812.516 GC heap after
Heap after GC invocations=336 (full 12):
 PSYoungGen      total 33280K, used 960K [0x00000000d5f00000, 0x00000000d8100000, 0x0000000100000000)
  eden space 31744K, 0% used [0x00000000d5f00000,0x00000000d5f00000,0x00000000d7e00000)
  from space 1536K, 62% used [0x00000000d7f80000,0x00000000d8070000,0x00000000d8100000)
  to   space 1536K, 0% used [0x00000000d7e00000,0x00000000d7e00000,0x00000000d7f80000)
 ParOldGen       total 86016K, used 24560K [0x0000000081c00000, 0x0000000087000000, 0x00000000d5f00000)
  object space 86016K, 28% used [0x0000000081c00000,0x00000000833fc2d8,0x0000000087000000)
 Metaspace       used 42445K, capacity 46038K, committed 46296K, reserved 1089536K
  class space    used 5264K, capacity 6047K, committed 6144K, reserved 1048576K
}
Event: 3821.199 GC heap before
{Heap before GC invocations=337 (full 12):
 PSYoungGen      total 33280K, used 32704K [0x00000000d5f00000, 0x00000000d8100000, 0x0000000100000000)
  eden space 31744K, 100% used [0x00000000d5f00000,0x00000000d7e00000,0x00000000d7e00000)
  from space 1536K, 62% used [0x00000000d7f80000,0x00000000d8070000,0x00000000d8100000)
  to   space 1536K, 0% used [0x00000000d7e00000,0x00000000d7e00000,0x00000000d7f80000)
 ParOldGen       total 86016K, used 24560K [0x0000000081c00000, 0x0000000087000000, 0x00000000d5f00000)
  object space 86016K, 28% used [0x0000000081c00000,0x00000000833fc2d8,0x0000000087000000)
 Metaspace       used 42445K, capacity 46038K, committed 46296K, reserved 1089536K
  class space    used 5264K, capacity 6047K, committed 6144K, reserved 1048576K
Event: 3821.202 GC heap after
Heap after GC invocations=337 (full 12):
 PSYoungGen      total 33280K, used 960K [0x00000000d5f00000, 0x00000000d8100000, 0x0000000100000000)
  eden space 31744K, 0% used [0x00000000d5f00000,0x00000000d5f00000,0x00000000d7e00000)
  from space 1536K, 62% used [0x00000000d7e00000,0x00000000d7ef0000,0x00000000d7f80000)
  to   space 1536K, 0% used [0x00000000d7f80000,0x00000000d7f80000,0x00000000d8100000)
 ParOldGen       total 86016K, used 24560K [0x0000000081c00000, 0x0000000087000000, 0x00000000d5f00000)
  object space 86016K, 28% used [0x0000000081c00000,0x00000000833fc2d8,0x0000000087000000)
 Metaspace       used 42445K, capacity 46038K, committed 46296K, reserved 1089536K
  class space    used 5264K, capacity 6047K, committed 6144K, reserved 1048576K
}
Event: 3830.746 GC heap before
{Heap before GC invocations=338 (full 12):
 PSYoungGen      total 33280K, used 32704K [0x00000000d5f00000, 0x00000000d8100000, 0x0000000100000000)
  eden space 31744K, 100% used [0x00000000d5f00000,0x00000000d7e00000,0x00000000d7e00000)
  from space 1536K, 62% used [0x00000000d7e00000,0x00000000d7ef0000,0x00000000d7f80000)
  to   space 1536K, 0% used [0x00000000d7f80000,0x00000000d7f80000,0x00000000d8100000)
 ParOldGen       total 86016K, used 24560K [0x0000000081c00000, 0x0000000087000000, 0x00000000d5f00000)
  object space 86016K, 28% used [0x0000000081c00000,0x00000000833fc2d8,0x0000000087000000)
 Metaspace       used 42445K, capacity 46038K, committed 46296K, reserved 1089536K
  class space    used 5264K, capacity 6047K, committed 6144K, reserved 1048576K
Event: 3830.748 GC heap after
Heap after GC invocations=338 (full 12):
 PSYoungGen      total 33280K, used 512K [0x00000000d5f00000, 0x00000000d8100000, 0x0000000100000000)
  eden space 31744K, 0% used [0x00000000d5f00000,0x00000000d5f00000,0x00000000d7e00000)
  from space 1536K, 33% used [0x00000000d7f80000,0x00000000d8000000,0x00000000d8100000)
  to   space 1536K, 0% used [0x00000000d7e00000,0x00000000d7e00000,0x00000000d7f80000)
 ParOldGen       total 86016K, used 24560K [0x0000000081c00000, 0x0000000087000000, 0x00000000d5f00000)
  object space 86016K, 28% used [0x0000000081c00000,0x00000000833fc2d8,0x0000000087000000)
 Metaspace       used 42445K, capacity 46038K, committed 46296K, reserved 1089536K
  class space    used 5264K, capacity 6047K, committed 6144K, reserved 1048576K
}
Event: 3839.404 GC heap before
{Heap before GC invocations=339 (full 12):
 PSYoungGen      total 33280K, used 32256K [0x00000000d5f00000, 0x00000000d8100000, 0x0000000100000000)
  eden space 31744K, 100% used [0x00000000d5f00000,0x00000000d7e00000,0x00000000d7e00000)
  from space 1536K, 33% used [0x00000000d7f80000,0x00000000d8000000,0x00000000d8100000)
  to   space 1536K, 0% used [0x00000000d7e00000,0x00000000d7e00000,0x00000000d7f80000)
 ParOldGen       total 86016K, used 24560K [0x0000000081c00000, 0x0000000087000000, 0x00000000d5f00000)
  object space 86016K, 28% used [0x0000000081c00000,0x00000000833fc2d8,0x0000000087000000)
 Metaspace       used 42445K, capacity 46038K, committed 46296K, reserved 1089536K
  class space    used 5264K, capacity 6047K, committed 6144K, reserved 1048576K
Event: 3839.405 GC heap after
Heap after GC invocations=339 (full 12):
 PSYoungGen      total 33280K, used 960K [0x00000000d5f00000, 0x00000000d8100000, 0x0000000100000000)
  eden space 31744K, 0% used [0x00000000d5f00000,0x00000000d5f00000,0x00000000d7e00000)
  from space 1536K, 62% used [0x00000000d7e00000,0x00000000d7ef0000,0x00000000d7f80000)
  to   space 1536K, 0% used [0x00000000d7f80000,0x00000000d7f80000,0x00000000d8100000)
 ParOldGen       total 86016K, used 24560K [0x0000000081c00000, 0x0000000087000000, 0x00000000d5f00000)
  object space 86016K, 28% used [0x0000000081c00000,0x00000000833fc2d8,0x0000000087000000)
 Metaspace       used 42445K, capacity 46038K, committed 46296K, reserved 1089536K
  class space    used 5264K, capacity 6047K, committed 6144K, reserved 1048576K
}
Event: 3847.691 GC heap before
{Heap before GC invocations=340 (full 12):
 PSYoungGen      total 33280K, used 32704K [0x00000000d5f00000, 0x00000000d8100000, 0x0000000100000000)
  eden space 31744K, 100% used [0x00000000d5f00000,0x00000000d7e00000,0x00000000d7e00000)
  from space 1536K, 62% used [0x00000000d7e00000,0x00000000d7ef0000,0x00000000d7f80000)
  to   space 1536K, 0% used [0x00000000d7f80000,0x00000000d7f80000,0x00000000d8100000)
 ParOldGen       total 86016K, used 24560K [0x0000000081c00000, 0x0000000087000000, 0x00000000d5f00000)
  object space 86016K, 28% used [0x0000000081c00000,0x00000000833fc2d8,0x0000000087000000)
 Metaspace       used 42445K, capacity 46038K, committed 46296K, reserved 1089536K
  class space    used 5264K, capacity 6047K, committed 6144K, reserved 1048576K
Event: 3847.692 GC heap after
Heap after GC invocations=340 (full 12):
 PSYoungGen      total 33280K, used 896K [0x00000000d5f00000, 0x00000000d8100000, 0x0000000100000000)
  eden space 31744K, 0% used [0x00000000d5f00000,0x00000000d5f00000,0x00000000d7e00000)
  from space 1536K, 58% used [0x00000000d7f80000,0x00000000d8060000,0x00000000d8100000)
  to   space 1536K, 0% used [0x00000000d7e00000,0x00000000d7e00000,0x00000000d7f80000)
 ParOldGen       total 86016K, used 24560K [0x0000000081c00000, 0x0000000087000000, 0x00000000d5f00000)
  object space 86016K, 28% used [0x0000000081c00000,0x00000000833fc2d8,0x0000000087000000)
 Metaspace       used 42445K, capacity 46038K, committed 46296K, reserved 1089536K
  class space    used 5264K, capacity 6047K, committed 6144K, reserved 1048576K
}

