# JRE version: Java(TM) SE Runtime Environment (8.0_111-b14) (build 1.8.0_111-b14)
# Java VM: Java HotSpot(TM) 64-Bit Server VM (25.111-b14 mixed mode windows-amd64 compressed oops)
Heap:
 PSYoungGen      total 106496K, used 74375K [0x00000000d5f00000, 0x00000000ddd80000, 0x0000000100000000)
  eden space 93184K, 65% used [0x00000000d5f00000,0x00000000d9aa7de0,0x00000000dba00000)
  from space 13312K, 99% used [0x00000000dc880000,0x00000000dd579e20,0x00000000dd580000)
  to   space 14848K, 0% used [0x00000000dba00000,0x00000000dba00000,0x00000000dc880000)
 ParOldGen       total 69632K, used 16925K [0x0000000081c00000, 0x0000000086000000, 0x00000000d5f00000)
  object space 69632K, 24% used [0x0000000081c00000,0x0000000082c87468,0x0000000086000000)
 Metaspace       used 24964K, capacity 25774K, committed 25984K, reserved 1073152K
  class space    used 2874K, capacity 3121K, committed 3200K, reserved 1048576K
GC Heap History (10 events):
Event: 4.145 GC heap before
{Heap before GC invocations=5 (full 0):
 PSYoungGen      total 71680K, used 71648K [0x00000000d5f00000, 0x00000000daa00000, 0x0000000100000000)
  eden space 66560K, 100% used [0x00000000d5f00000,0x00000000da000000,0x00000000da000000)
  from space 5120K, 99% used [0x00000000da500000,0x00000000da9f8040,0x00000000daa00000)
  to   space 5120K, 0% used [0x00000000da000000,0x00000000da000000,0x00000000da500000)
 ParOldGen       total 87552K, used 8642K [0x0000000081c00000, 0x0000000087180000, 0x00000000d5f00000)
  object space 87552K, 9% used [0x0000000081c00000,0x0000000082470bc8,0x0000000087180000)
 Metaspace       used 17340K, capacity 17872K, committed 18176K, reserved 1064960K
  class space    used 2031K, capacity 2197K, committed 2304K, reserved 1048576K
Event: 4.157 GC heap after
Heap after GC invocations=5 (full 0):
 PSYoungGen      total 71680K, used 5088K [0x00000000d5f00000, 0x00000000daa00000, 0x0000000100000000)
  eden space 66560K, 0% used [0x00000000d5f00000,0x00000000d5f00000,0x00000000da000000)
  from space 5120K, 99% used [0x00000000da000000,0x00000000da4f8040,0x00000000da500000)
  to   space 5120K, 0% used [0x00000000da500000,0x00000000da500000,0x00000000daa00000)
 ParOldGen       total 87552K, used 12826K [0x0000000081c00000, 0x0000000087180000, 0x00000000d5f00000)
  object space 87552K, 14% used [0x0000000081c00000,0x0000000082886948,0x0000000087180000)
 Metaspace       used 17340K, capacity 17872K, committed 18176K, reserved 1064960K
  class space    used 2031K, capacity 2197K, committed 2304K, reserved 1048576K
}
Event: 12.318 GC heap before
{Heap before GC invocations=6 (full 0):
 PSYoungGen      total 71680K, used 70045K [0x00000000d5f00000, 0x00000000daa00000, 0x0000000100000000)
  eden space 66560K, 97% used [0x00000000d5f00000,0x00000000d9e6f4e0,0x00000000da000000)
  from space 5120K, 99% used [0x00000000da000000,0x00000000da4f8040,0x00000000da500000)
  to   space 5120K, 0% used [0x00000000da500000,0x00000000da500000,0x00000000daa00000)
 ParOldGen       total 87552K, used 12826K [0x0000000081c00000, 0x0000000087180000, 0x00000000d5f00000)
  object space 87552K, 14% used [0x0000000081c00000,0x0000000082886948,0x0000000087180000)
 Metaspace       used 20532K, capacity 21114K, committed 21296K, reserved 1069056K
  class space    used 2440K, capacity 2598K, committed 2688K, reserved 1048576K
Event: 12.334 GC heap after
Heap after GC invocations=6 (full 0):
 PSYoungGen      total 65024K, used 5088K [0x00000000d5f00000, 0x00000000db500000, 0x0000000100000000)
  eden space 59904K, 0% used [0x00000000d5f00000,0x00000000d5f00000,0x00000000d9980000)
  from space 5120K, 99% used [0x00000000da500000,0x00000000da9f8020,0x00000000daa00000)
  to   space 11776K, 0% used [0x00000000d9980000,0x00000000d9980000,0x00000000da500000)
 ParOldGen       total 87552K, used 17826K [0x0000000081c00000, 0x0000000087180000, 0x00000000d5f00000)
  object space 87552K, 20% used [0x0000000081c00000,0x0000000082d68b80,0x0000000087180000)
 Metaspace       used 20532K, capacity 21114K, committed 21296K, reserved 1069056K
  class space    used 2440K, capacity 2598K, committed 2688K, reserved 1048576K
}
Event: 12.334 GC heap before
{Heap before GC invocations=7 (full 1):
 PSYoungGen      total 65024K, used 5088K [0x00000000d5f00000, 0x00000000db500000, 0x0000000100000000)
  eden space 59904K, 0% used [0x00000000d5f00000,0x00000000d5f00000,0x00000000d9980000)
  from space 5120K, 99% used [0x00000000da500000,0x00000000da9f8020,0x00000000daa00000)
  to   space 11776K, 0% used [0x00000000d9980000,0x00000000d9980000,0x00000000da500000)
 ParOldGen       total 87552K, used 17826K [0x0000000081c00000, 0x0000000087180000, 0x00000000d5f00000)
  object space 87552K, 20% used [0x0000000081c00000,0x0000000082d68b80,0x0000000087180000)
 Metaspace       used 20532K, capacity 21114K, committed 21296K, reserved 1069056K
  class space    used 2440K, capacity 2598K, committed 2688K, reserved 1048576K
Event: 12.415 GC heap after
Heap after GC invocations=7 (full 1):
 PSYoungGen      total 65024K, used 0K [0x00000000d5f00000, 0x00000000db500000, 0x0000000100000000)
  eden space 59904K, 0% used [0x00000000d5f00000,0x00000000d5f00000,0x00000000d9980000)
  from space 5120K, 0% used [0x00000000da500000,0x00000000da500000,0x00000000daa00000)
  to   space 11776K, 0% used [0x00000000d9980000,0x00000000d9980000,0x00000000da500000)
 ParOldGen       total 69632K, used 16021K [0x0000000081c00000, 0x0000000086000000, 0x00000000d5f00000)
  object space 69632K, 23% used [0x0000000081c00000,0x0000000082ba56c8,0x0000000086000000)
 Metaspace       used 20532K, capacity 21114K, committed 21296K, reserved 1069056K
  class space    used 2440K, capacity 2598K, committed 2688K, reserved 1048576K
}
Event: 14.017 GC heap before
{Heap before GC invocations=8 (full 1):
 PSYoungGen      total 65024K, used 59904K [0x00000000d5f00000, 0x00000000db500000, 0x0000000100000000)
  eden space 59904K, 100% used [0x00000000d5f00000,0x00000000d9980000,0x00000000d9980000)
  from space 5120K, 0% used [0x00000000da500000,0x00000000da500000,0x00000000daa00000)
  to   space 11776K, 0% used [0x00000000d9980000,0x00000000d9980000,0x00000000da500000)
 ParOldGen       total 69632K, used 16021K [0x0000000081c00000, 0x0000000086000000, 0x00000000d5f00000)
  object space 69632K, 23% used [0x0000000081c00000,0x0000000082ba56c8,0x0000000086000000)
 Metaspace       used 23402K, capacity 24094K, committed 24192K, reserved 1071104K
  class space    used 2706K, capacity 2866K, committed 2944K, reserved 1048576K
Event: 14.029 GC heap after
Heap after GC invocations=8 (full 1):
 PSYoungGen      total 71680K, used 11768K [0x00000000d5f00000, 0x00000000dd580000, 0x0000000100000000)
  eden space 59904K, 0% used [0x00000000d5f00000,0x00000000d5f00000,0x00000000d9980000)
  from space 11776K, 99% used [0x00000000d9980000,0x00000000da4fe3e0,0x00000000da500000)
  to   space 13312K, 0% used [0x00000000dc880000,0x00000000dc880000,0x00000000dd580000)
 ParOldGen       total 69632K, used 16917K [0x0000000081c00000, 0x0000000086000000, 0x00000000d5f00000)
  object space 69632K, 24% used [0x0000000081c00000,0x0000000082c85468,0x0000000086000000)
 Metaspace       used 23402K, capacity 24094K, committed 24192K, reserved 1071104K
  class space    used 2706K, capacity 2866K, committed 2944K, reserved 1048576K
}
Event: 14.588 GC heap before
{Heap before GC invocations=9 (full 1):
 PSYoungGen      total 71680K, used 71672K [0x00000000d5f00000, 0x00000000dd580000, 0x0000000100000000)
  eden space 59904K, 100% used [0x00000000d5f00000,0x00000000d9980000,0x00000000d9980000)
  from space 11776K, 99% used [0x00000000d9980000,0x00000000da4fe3e0,0x00000000da500000)
  to   space 13312K, 0% used [0x00000000dc880000,0x00000000dc880000,0x00000000dd580000)
 ParOldGen       total 69632K, used 16917K [0x0000000081c00000, 0x0000000086000000, 0x00000000d5f00000)
  object space 69632K, 24% used [0x0000000081c00000,0x0000000082c85468,0x0000000086000000)
 Metaspace       used 24863K, capacity 25754K, committed 25984K, reserved 1073152K
  class space    used 2871K, capacity 3116K, committed 3200K, reserved 1048576K
Event: 14.603 GC heap after
Heap after GC invocations=9 (full 1):
 PSYoungGen      total 106496K, used 13287K [0x00000000d5f00000, 0x00000000ddd80000, 0x0000000100000000)
  eden space 93184K, 0% used [0x00000000d5f00000,0x00000000d5f00000,0x00000000dba00000)
  from space 13312K, 99% used [0x00000000dc880000,0x00000000dd579e20,0x00000000dd580000)
  to   space 14848K, 0% used [0x00000000dba00000,0x00000000dba00000,0x00000000dc880000)
 ParOldGen       total 69632K, used 16925K [0x0000000081c00000, 0x0000000086000000, 0x00000000d5f00000)
  object space 69632K, 24% used [0x0000000081c00000,0x0000000082c87468,0x0000000086000000)
 Metaspace       used 24863K, capacity 25754K, committed 25984K, reserved 1073152K
  class space    used 2871K, capacity 3116K, committed 3200K, reserved 1048576K
}

