# JRE version: Java(TM) SE Runtime Environment (8.0_111-b14) (build 1.8.0_111-b14)
# Java VM: Java HotSpot(TM) 64-Bit Server VM (25.111-b14 mixed mode windows-amd64 compressed oops)
Heap:
 PSYoungGen      total 129536K, used 45153K [0x00000000d5f00000, 0x00000000e0e80000, 0x0000000100000000)
  eden space 127488K, 33% used [0x00000000d5f00000,0x00000000d8920738,0x00000000ddb80000)
  from space 2048K, 98% used [0x00000000dea00000,0x00000000debf8020,0x00000000dec00000)
  to   space 14848K, 0% used [0x00000000ddb80000,0x00000000ddb80000,0x00000000dea00000)
 ParOldGen       total 70144K, used 27518K [0x0000000081c00000, 0x0000000086080000, 0x00000000d5f00000)
  object space 70144K, 39% used [0x0000000081c00000,0x00000000836df858,0x0000000086080000)
 Metaspace       used 25055K, capacity 25866K, committed 26112K, reserved 1073152K
  class space    used 2856K, capacity 3047K, committed 3072K, reserved 1048576K
GC Heap History (10 events):
Event: 15.146 GC heap before
{Heap before GC invocations=5 (full 0):
 PSYoungGen      total 71680K, used 71664K [0x00000000d5f00000, 0x00000000daa00000, 0x0000000100000000)
  eden space 66560K, 100% used [0x00000000d5f00000,0x00000000da000000,0x00000000da000000)
  from space 5120K, 99% used [0x00000000da500000,0x00000000da9fc030,0x00000000daa00000)
  to   space 5120K, 0% used [0x00000000da000000,0x00000000da000000,0x00000000da500000)
 ParOldGen       total 87552K, used 8372K [0x0000000081c00000, 0x0000000087180000, 0x00000000d5f00000)
  object space 87552K, 9% used [0x0000000081c00000,0x000000008242d300,0x0000000087180000)
 Metaspace       used 17225K, capacity 17686K, committed 17792K, reserved 1064960K
  class space    used 2015K, capacity 2156K, committed 2176K, reserved 1048576K
Event: 15.170 GC heap after
Heap after GC invocations=5 (full 0):
 PSYoungGen      total 71680K, used 5104K [0x00000000d5f00000, 0x00000000df600000, 0x0000000100000000)
  eden space 66560K, 0% used [0x00000000d5f00000,0x00000000d5f00000,0x00000000da000000)
  from space 5120K, 99% used [0x00000000da000000,0x00000000da4fc010,0x00000000da500000)
  to   space 10752K, 0% used [0x00000000deb80000,0x00000000deb80000,0x00000000df600000)
 ParOldGen       total 87552K, used 12944K [0x0000000081c00000, 0x0000000087180000, 0x00000000d5f00000)
  object space 87552K, 14% used [0x0000000081c00000,0x00000000828a4078,0x0000000087180000)
 Metaspace       used 17225K, capacity 17686K, committed 17792K, reserved 1064960K
  class space    used 2015K, capacity 2156K, committed 2176K, reserved 1048576K
}
Event: 22.741 GC heap before
{Heap before GC invocations=6 (full 0):
 PSYoungGen      total 71680K, used 64863K [0x00000000d5f00000, 0x00000000df600000, 0x0000000100000000)
  eden space 66560K, 89% used [0x00000000d5f00000,0x00000000d995bdd8,0x00000000da000000)
  from space 5120K, 99% used [0x00000000da000000,0x00000000da4fc010,0x00000000da500000)
  to   space 10752K, 0% used [0x00000000deb80000,0x00000000deb80000,0x00000000df600000)
 ParOldGen       total 87552K, used 12944K [0x0000000081c00000, 0x0000000087180000, 0x00000000d5f00000)
  object space 87552K, 14% used [0x0000000081c00000,0x00000000828a4078,0x0000000087180000)
 Metaspace       used 20608K, capacity 21142K, committed 21296K, reserved 1069056K
  class space    used 2439K, capacity 2588K, committed 2688K, reserved 1048576K
Event: 22.768 GC heap after
Heap after GC invocations=6 (full 0):
 PSYoungGen      total 74240K, used 9335K [0x00000000d5f00000, 0x00000000df500000, 0x0000000100000000)
  eden space 64512K, 0% used [0x00000000d5f00000,0x00000000d5f00000,0x00000000d9e00000)
  from space 9728K, 95% used [0x00000000deb80000,0x00000000df49df88,0x00000000df500000)
  to   space 11264K, 0% used [0x00000000ddf00000,0x00000000ddf00000,0x00000000dea00000)
 ParOldGen       total 87552K, used 12952K [0x0000000081c00000, 0x0000000087180000, 0x00000000d5f00000)
  object space 87552K, 14% used [0x0000000081c00000,0x00000000828a6078,0x0000000087180000)
 Metaspace       used 20608K, capacity 21142K, committed 21296K, reserved 1069056K
  class space    used 2439K, capacity 2588K, committed 2688K, reserved 1048576K
}
Event: 22.768 GC heap before
{Heap before GC invocations=7 (full 1):
 PSYoungGen      total 74240K, used 9335K [0x00000000d5f00000, 0x00000000df500000, 0x0000000100000000)
  eden space 64512K, 0% used [0x00000000d5f00000,0x00000000d5f00000,0x00000000d9e00000)
  from space 9728K, 95% used [0x00000000deb80000,0x00000000df49df88,0x00000000df500000)
  to   space 11264K, 0% used [0x00000000ddf00000,0x00000000ddf00000,0x00000000dea00000)
 ParOldGen       total 87552K, used 12952K [0x0000000081c00000, 0x0000000087180000, 0x00000000d5f00000)
  object space 87552K, 14% used [0x0000000081c00000,0x00000000828a6078,0x0000000087180000)
 Metaspace       used 20608K, capacity 21142K, committed 21296K, reserved 1069056K
  class space    used 2439K, capacity 2588K, committed 2688K, reserved 1048576K
Event: 22.950 GC heap after
Heap after GC invocations=7 (full 1):
 PSYoungGen      total 74240K, used 0K [0x00000000d5f00000, 0x00000000df500000, 0x0000000100000000)
  eden space 64512K, 0% used [0x00000000d5f00000,0x00000000d5f00000,0x00000000d9e00000)
  from space 9728K, 0% used [0x00000000deb80000,0x00000000deb80000,0x00000000df500000)
  to   space 11264K, 0% used [0x00000000ddf00000,0x00000000ddf00000,0x00000000dea00000)
 ParOldGen       total 70144K, used 14349K [0x0000000081c00000, 0x0000000086080000, 0x00000000d5f00000)
  object space 70144K, 20% used [0x0000000081c00000,0x0000000082a03670,0x0000000086080000)
 Metaspace       used 20608K, capacity 21142K, committed 21296K, reserved 1069056K
  class space    used 2439K, capacity 2588K, committed 2688K, reserved 1048576K
}
Event: 28.724 GC heap before
{Heap before GC invocations=8 (full 1):
 PSYoungGen      total 74240K, used 64512K [0x00000000d5f00000, 0x00000000df500000, 0x0000000100000000)
  eden space 64512K, 100% used [0x00000000d5f00000,0x00000000d9e00000,0x00000000d9e00000)
  from space 9728K, 0% used [0x00000000deb80000,0x00000000deb80000,0x00000000df500000)
  to   space 11264K, 0% used [0x00000000ddf00000,0x00000000ddf00000,0x00000000dea00000)
 ParOldGen       total 70144K, used 14349K [0x0000000081c00000, 0x0000000086080000, 0x00000000d5f00000)
  object space 70144K, 20% used [0x0000000081c00000,0x0000000082a03670,0x0000000086080000)
 Metaspace       used 23439K, capacity 24058K, committed 24192K, reserved 1071104K
  class space    used 2721K, capacity 2856K, committed 2944K, reserved 1048576K
Event: 28.747 GC heap after
Heap after GC invocations=8 (full 1):
 PSYoungGen      total 106496K, used 11245K [0x00000000d5f00000, 0x00000000dec00000, 0x0000000100000000)
  eden space 95232K, 0% used [0x00000000d5f00000,0x00000000d5f00000,0x00000000dbc00000)
  from space 11264K, 99% used [0x00000000ddf00000,0x00000000de9fb650,0x00000000dea00000)
  to   space 2048K, 0% used [0x00000000dea00000,0x00000000dea00000,0x00000000dec00000)
 ParOldGen       total 70144K, used 15831K [0x0000000081c00000, 0x0000000086080000, 0x00000000d5f00000)
  object space 70144K, 22% used [0x0000000081c00000,0x0000000082b75cc0,0x0000000086080000)
 Metaspace       used 23439K, capacity 24058K, committed 24192K, reserved 1071104K
  class space    used 2721K, capacity 2856K, committed 2944K, reserved 1048576K
}
Event: 30.507 GC heap before
{Heap before GC invocations=9 (full 1):
 PSYoungGen      total 106496K, used 106477K [0x00000000d5f00000, 0x00000000dec00000, 0x0000000100000000)
  eden space 95232K, 100% used [0x00000000d5f00000,0x00000000dbc00000,0x00000000dbc00000)
  from space 11264K, 99% used [0x00000000ddf00000,0x00000000de9fb650,0x00000000dea00000)
  to   space 2048K, 0% used [0x00000000dea00000,0x00000000dea00000,0x00000000dec00000)
 ParOldGen       total 70144K, used 15831K [0x0000000081c00000, 0x0000000086080000, 0x00000000d5f00000)
  object space 70144K, 22% used [0x0000000081c00000,0x0000000082b75cc0,0x0000000086080000)
 Metaspace       used 24876K, capacity 25608K, committed 25856K, reserved 1073152K
  class space    used 2855K, capacity 3045K, committed 3072K, reserved 1048576K
Event: 30.546 GC heap after
Heap after GC invocations=9 (full 1):
 PSYoungGen      total 129536K, used 2016K [0x00000000d5f00000, 0x00000000e0e80000, 0x0000000100000000)
  eden space 127488K, 0% used [0x00000000d5f00000,0x00000000d5f00000,0x00000000ddb80000)
  from space 2048K, 98% used [0x00000000dea00000,0x00000000debf8020,0x00000000dec00000)
  to   space 14848K, 0% used [0x00000000ddb80000,0x00000000ddb80000,0x00000000dea00000)
 ParOldGen       total 70144K, used 27518K [0x0000000081c00000, 0x0000000086080000, 0x00000000d5f00000)
  object space 70144K, 39% used [0x0000000081c00000,0x00000000836df858,0x0000000086080000)
 Metaspace       used 24876K, capacity 25608K, committed 25856K, reserved 1073152K
  class space    used 2855K, capacity 3045K, committed 3072K, reserved 1048576K
}

